<?xml version="1.0" encoding="UTF-8"?>
<!-- Generated by org.testng.reporters.JUnitReportReporter -->
<testsuite hostname="DESKTOP-HQ9U56M" failures="0" tests="1" name="test.SwagLabLoginTest" time="22.468" errors="0" timestamp="2022-11-01T20:24:16 IST" skipped="0">
  <testcase classname="test.SwagLabLoginTest" name="SwagLabLoginTest" time="22.468"/>
  <system-out/>
</testsuite> <!-- test.SwagLabLoginTest -->
